<?xml version="1.0" encoding="UTF-8" ?>
<testsuite tests="19" failures="0" name="runAllTest.RunCukeTest" time="0.542" errors="0" skipped="0">
  <properties>
[...]
</properties>
  <testcase classname="Scenario: Asserting that the latest news is displayed on the home page" name="Given I am on the valtech home page" time="0.002"/>
  <testcase classname="Scenario: Asserting that the latest news is displayed on the home page" name="Then I should see the latest news displayed" time="0"/>
  <testcase classname="Scenario: Asserting that the latest news is displayed on the home page" name="Scenario: Asserting that the latest news is displayed on the home page" time="0.108"/>
  <testcase classname="| ABOUT |" name="Given I am on the valtech home page" time="0"/>
  <testcase classname="| ABOUT |" name="When I visit the page &quot;ABOUT&quot;" time="0"/>
  <testcase classname="| ABOUT |" name="Then I should see the page name &quot;ABOUT&quot;" time="0"/>
  <testcase classname="| ABOUT |" name="| ABOUT |" time="0.107"/>
  <testcase classname="| SERVICES |" name="Given I am on the valtech home page" time="0"/>
  <testcase classname="| SERVICES |" name="When I visit the page &quot;SERVICES&quot;" time="0"/>
  <testcase classname="| SERVICES |" name="Then I should see the page name &quot;SERVICES&quot;" time="0"/>
  <testcase classname="| SERVICES |" name="| SERVICES |" time="0.108"/>
  <testcase classname="| WORK |" name="Given I am on the valtech home page" time="0.001"/>
  <testcase classname="| WORK |" name="When I visit the page &quot;WORK&quot;" time="0"/>
  <testcase classname="| WORK |" name="Then I should see the page name &quot;WORK&quot;" time="0"/>
  <testcase classname="| WORK |" name="| WORK |" time="0.107"/>
  <testcase classname="Scenario: Outputing the total number of valtech offices" name="Given I am on the valtech home page" time="0.001"/>
  <testcase classname="Scenario: Outputing the total number of valtech offices" name="When I navigate to the contact page" time="0"/>
  <testcase classname="Scenario: Outputing the total number of valtech offices" name="Then I should see the total number of valtech offices" time="0"/>
  <testcase classname="Scenario: Outputing the total number of valtech offices" name="Scenario: Outputing the total number of valtech offices" time="0.108"/>
</testsuite>